# JRE version: OpenJDK Runtime Environment (11.0.11+9) (build 11.0.11+9-Ubuntu-0ubuntu2.20.04)
# Java VM: OpenJDK 64-Bit Server VM (11.0.11+9-Ubuntu-0ubuntu2.20.04, mixed mode, sharing, tiered, compressed oops, parallel gc, linux-amd64)
Heap:
 PSYoungGen      total 22528K, used 5498K [0x00000000eab00000, 0x00000000ec880000, 0x0000000100000000)
  eden space 22016K, 22% used [0x00000000eab00000,0x00000000eafe0738,0x00000000ec080000)
  from space 512K, 98% used [0x00000000ec800000,0x00000000ec87e1c0,0x00000000ec880000)
  to   space 2560K, 0% used [0x00000000ec380000,0x00000000ec380000,0x00000000ec600000)
 ParOldGen       total 68608K, used 31158K [0x00000000c0000000, 0x00000000c4300000, 0x00000000eab00000)
  object space 68608K, 45% used [0x00000000c0000000,0x00000000c1e6d930,0x00000000c4300000)
 Metaspace       used 39983K, capacity 42383K, committed 42660K, reserved 1087488K
  class space    used 4203K, capacity 5087K, committed 5120K, reserved 1048576K
GC Heap History (20 events):
Event: 2,130 GC heap before
{Heap before GC invocations=7 (full 1):
 PSYoungGen      total 29184K, used 29171K [0x00000000eab00000, 0x00000000ece80000, 0x0000000100000000)
  eden space 25088K, 100% used [0x00000000eab00000,0x00000000ec380000,0x00000000ec380000)
  from space 4096K, 99% used [0x00000000ec400000,0x00000000ec7fcd40,0x00000000ec800000)
  to   space 5632K, 0% used [0x00000000ec900000,0x00000000ec900000,0x00000000ece80000)
 ParOldGen       total 68608K, used 11590K [0x00000000c0000000, 0x00000000c4300000, 0x00000000eab00000)
  object space 68608K, 16% used [0x00000000c0000000,0x00000000c0b518f0,0x00000000c4300000)
 Metaspace       used 27160K, capacity 29486K, committed 29824K, reserved 1075200K
  class space    used 2821K, capacity 3654K, committed 3712K, reserved 1048576K
}
Event: 2,144 GC heap after
{Heap after GC invocations=7 (full 1):
 PSYoungGen      total 29696K, used 5603K [0x00000000eab00000, 0x00000000ed000000, 0x0000000100000000)
  eden space 24064K, 0% used [0x00000000eab00000,0x00000000eab00000,0x00000000ec280000)
  from space 5632K, 99% used [0x00000000ec900000,0x00000000ece78d50,0x00000000ece80000)
  to   space 6656K, 0% used [0x00000000ec280000,0x00000000ec280000,0x00000000ec900000)
 ParOldGen       total 68608K, used 12238K [0x00000000c0000000, 0x00000000c4300000, 0x00000000eab00000)
  object space 68608K, 17% used [0x00000000c0000000,0x00000000c0bf3910,0x00000000c4300000)
 Metaspace       used 27160K, capacity 29486K, committed 29824K, reserved 1075200K
  class space    used 2821K, capacity 3654K, committed 3712K, reserved 1048576K
}
Event: 2,237 GC heap before
{Heap before GC invocations=8 (full 1):
 PSYoungGen      total 29696K, used 29667K [0x00000000eab00000, 0x00000000ed000000, 0x0000000100000000)
  eden space 24064K, 100% used [0x00000000eab00000,0x00000000ec280000,0x00000000ec280000)
  from space 5632K, 99% used [0x00000000ec900000,0x00000000ece78d50,0x00000000ece80000)
  to   space 6656K, 0% used [0x00000000ec280000,0x00000000ec280000,0x00000000ec900000)
 ParOldGen       total 68608K, used 12238K [0x00000000c0000000, 0x00000000c4300000, 0x00000000eab00000)
  object space 68608K, 17% used [0x00000000c0000000,0x00000000c0bf3910,0x00000000c4300000)
 Metaspace       used 27324K, capacity 29614K, committed 29824K, reserved 1075200K
  class space    used 2831K, capacity 3654K, committed 3712K, reserved 1048576K
}
Event: 2,247 GC heap after
{Heap after GC invocations=8 (full 1):
 PSYoungGen      total 30208K, used 6638K [0x00000000eab00000, 0x00000000ed300000, 0x0000000100000000)
  eden space 23552K, 0% used [0x00000000eab00000,0x00000000eab00000,0x00000000ec200000)
  from space 6656K, 99% used [0x00000000ec280000,0x00000000ec8fb970,0x00000000ec900000)
  to   space 8704K, 0% used [0x00000000eca80000,0x00000000eca80000,0x00000000ed300000)
 ParOldGen       total 68608K, used 13464K [0x00000000c0000000, 0x00000000c4300000, 0x00000000eab00000)
  object space 68608K, 19% used [0x00000000c0000000,0x00000000c0d262a0,0x00000000c4300000)
 Metaspace       used 27324K, capacity 29614K, committed 29824K, reserved 1075200K
  class space    used 2831K, capacity 3654K, committed 3712K, reserved 1048576K
}
Event: 2,318 GC heap before
{Heap before GC invocations=9 (full 1):
 PSYoungGen      total 30208K, used 30190K [0x00000000eab00000, 0x00000000ed300000, 0x0000000100000000)
  eden space 23552K, 100% used [0x00000000eab00000,0x00000000ec200000,0x00000000ec200000)
  from space 6656K, 99% used [0x00000000ec280000,0x00000000ec8fb970,0x00000000ec900000)
  to   space 8704K, 0% used [0x00000000eca80000,0x00000000eca80000,0x00000000ed300000)
 ParOldGen       total 68608K, used 13464K [0x00000000c0000000, 0x00000000c4300000, 0x00000000eab00000)
  object space 68608K, 19% used [0x00000000c0000000,0x00000000c0d262a0,0x00000000c4300000)
 Metaspace       used 27329K, capacity 29614K, committed 29824K, reserved 1075200K
  class space    used 2832K, capacity 3654K, committed 3712K, reserved 1048576K
}
Event: 2,329 GC heap after
{Heap after GC invocations=9 (full 1):
 PSYoungGen      total 30720K, used 7570K [0x00000000eab00000, 0x00000000ed200000, 0x0000000100000000)
  eden space 23040K, 0% used [0x00000000eab00000,0x00000000eab00000,0x00000000ec180000)
  from space 7680K, 98% used [0x00000000eca80000,0x00000000ed1e4b48,0x00000000ed200000)
  to   space 7680K, 0% used [0x00000000ec300000,0x00000000ec300000,0x00000000eca80000)
 ParOldGen       total 68608K, used 15351K [0x00000000c0000000, 0x00000000c4300000, 0x00000000eab00000)
  object space 68608K, 22% used [0x00000000c0000000,0x00000000c0efdea8,0x00000000c4300000)
 Metaspace       used 27329K, capacity 29614K, committed 29824K, reserved 1075200K
  class space    used 2832K, capacity 3654K, committed 3712K, reserved 1048576K
}
Event: 2,379 GC heap before
{Heap before GC invocations=10 (full 1):
 PSYoungGen      total 30720K, used 30610K [0x00000000eab00000, 0x00000000ed200000, 0x0000000100000000)
  eden space 23040K, 100% used [0x00000000eab00000,0x00000000ec180000,0x00000000ec180000)
  from space 7680K, 98% used [0x00000000eca80000,0x00000000ed1e4b48,0x00000000ed200000)
  to   space 7680K, 0% used [0x00000000ec300000,0x00000000ec300000,0x00000000eca80000)
 ParOldGen       total 68608K, used 15351K [0x00000000c0000000, 0x00000000c4300000, 0x00000000eab00000)
  object space 68608K, 22% used [0x00000000c0000000,0x00000000c0efdea8,0x00000000c4300000)
 Metaspace       used 27329K, capacity 29614K, committed 29824K, reserved 1075200K
  class space    used 2832K, capacity 3654K, committed 3712K, reserved 1048576K
}
Event: 2,402 GC heap after
{Heap after GC invocations=10 (full 1):
 PSYoungGen      total 30208K, used 7392K [0x00000000eab00000, 0x00000000ed000000, 0x0000000100000000)
  eden space 22528K, 0% used [0x00000000eab00000,0x00000000eab00000,0x00000000ec100000)
  from space 7680K, 96% used [0x00000000ec300000,0x00000000eca38020,0x00000000eca80000)
  to   space 5632K, 0% used [0x00000000eca80000,0x00000000eca80000,0x00000000ed000000)
 ParOldGen       total 68608K, used 18273K [0x00000000c0000000, 0x00000000c4300000, 0x00000000eab00000)
  object space 68608K, 26% used [0x00000000c0000000,0x00000000c11d8578,0x00000000c4300000)
 Metaspace       used 27329K, capacity 29614K, committed 29824K, reserved 1075200K
  class space    used 2832K, capacity 3654K, committed 3712K, reserved 1048576K
}
Event: 2,515 GC heap before
{Heap before GC invocations=11 (full 1):
 PSYoungGen      total 30208K, used 29919K [0x00000000eab00000, 0x00000000ed000000, 0x0000000100000000)
  eden space 22528K, 99% used [0x00000000eab00000,0x00000000ec0fff88,0x00000000ec100000)
  from space 7680K, 96% used [0x00000000ec300000,0x00000000eca38020,0x00000000eca80000)
  to   space 5632K, 0% used [0x00000000eca80000,0x00000000eca80000,0x00000000ed000000)
 ParOldGen       total 68608K, used 18273K [0x00000000c0000000, 0x00000000c4300000, 0x00000000eab00000)
  object space 68608K, 26% used [0x00000000c0000000,0x00000000c11d8578,0x00000000c4300000)
 Metaspace       used 28018K, capacity 30416K, committed 30720K, reserved 1077248K
  class space    used 2917K, capacity 3793K, committed 3840K, reserved 1048576K
}
Event: 2,527 GC heap after
{Heap after GC invocations=11 (full 1):
 PSYoungGen      total 27648K, used 5504K [0x00000000eab00000, 0x00000000ed000000, 0x0000000100000000)
  eden space 22016K, 0% used [0x00000000eab00000,0x00000000eab00000,0x00000000ec080000)
  from space 5632K, 97% used [0x00000000eca80000,0x00000000ecfe0010,0x00000000ed000000)
  to   space 6656K, 0% used [0x00000000ec300000,0x00000000ec300000,0x00000000ec980000)
 ParOldGen       total 68608K, used 22863K [0x00000000c0000000, 0x00000000c4300000, 0x00000000eab00000)
  object space 68608K, 33% used [0x00000000c0000000,0x00000000c1653df8,0x00000000c4300000)
 Metaspace       used 28018K, capacity 30416K, committed 30720K, reserved 1077248K
  class space    used 2917K, capacity 3793K, committed 3840K, reserved 1048576K
}
Event: 2,730 GC heap before
{Heap before GC invocations=12 (full 1):
 PSYoungGen      total 27648K, used 27520K [0x00000000eab00000, 0x00000000ed000000, 0x0000000100000000)
  eden space 22016K, 100% used [0x00000000eab00000,0x00000000ec080000,0x00000000ec080000)
  from space 5632K, 97% used [0x00000000eca80000,0x00000000ecfe0010,0x00000000ed000000)
  to   space 6656K, 0% used [0x00000000ec300000,0x00000000ec300000,0x00000000ec980000)
 ParOldGen       total 68608K, used 22863K [0x00000000c0000000, 0x00000000c4300000, 0x00000000eab00000)
  object space 68608K, 33% used [0x00000000c0000000,0x00000000c1653df8,0x00000000c4300000)
 Metaspace       used 30409K, capacity 32689K, committed 33024K, reserved 1079296K
  class space    used 3179K, capacity 4013K, committed 4096K, reserved 1048576K
}
Event: 2,745 GC heap after
{Heap after GC invocations=12 (full 1):
 PSYoungGen      total 23552K, used 1061K [0x00000000eab00000, 0x00000000ecb00000, 0x0000000100000000)
  eden space 22016K, 0% used [0x00000000eab00000,0x00000000eab00000,0x00000000ec080000)
  from space 1536K, 69% used [0x00000000ec300000,0x00000000ec4096b0,0x00000000ec480000)
  to   space 3072K, 0% used [0x00000000ec800000,0x00000000ec800000,0x00000000ecb00000)
 ParOldGen       total 68608K, used 28209K [0x00000000c0000000, 0x00000000c4300000, 0x00000000eab00000)
  object space 68608K, 41% used [0x00000000c0000000,0x00000000c1b8c698,0x00000000c4300000)
 Metaspace       used 30409K, capacity 32689K, committed 33024K, reserved 1079296K
  class space    used 3179K, capacity 4013K, committed 4096K, reserved 1048576K
}
Event: 2,913 GC heap before
{Heap before GC invocations=13 (full 1):
 PSYoungGen      total 23552K, used 21741K [0x00000000eab00000, 0x00000000ecb00000, 0x0000000100000000)
  eden space 22016K, 93% used [0x00000000eab00000,0x00000000ebf31f08,0x00000000ec080000)
  from space 1536K, 69% used [0x00000000ec300000,0x00000000ec4096b0,0x00000000ec480000)
  to   space 3072K, 0% used [0x00000000ec800000,0x00000000ec800000,0x00000000ecb00000)
 ParOldGen       total 68608K, used 28209K [0x00000000c0000000, 0x00000000c4300000, 0x00000000eab00000)
  object space 68608K, 41% used [0x00000000c0000000,0x00000000c1b8c698,0x00000000c4300000)
 Metaspace       used 32663K, capacity 35142K, committed 35584K, reserved 1081344K
  class space    used 3403K, capacity 4253K, committed 4352K, reserved 1048576K
}
Event: 2,920 GC heap after
{Heap after GC invocations=13 (full 1):
 PSYoungGen      total 23552K, used 1039K [0x00000000eab00000, 0x00000000ec980000, 0x0000000100000000)
  eden space 22016K, 0% used [0x00000000eab00000,0x00000000eab00000,0x00000000ec080000)
  from space 1536K, 67% used [0x00000000ec800000,0x00000000ec903f10,0x00000000ec980000)
  to   space 1536K, 0% used [0x00000000ec300000,0x00000000ec300000,0x00000000ec480000)
 ParOldGen       total 68608K, used 29002K [0x00000000c0000000, 0x00000000c4300000, 0x00000000eab00000)
  object space 68608K, 42% used [0x00000000c0000000,0x00000000c1c52b08,0x00000000c4300000)
 Metaspace       used 32663K, capacity 35142K, committed 35584K, reserved 1081344K
  class space    used 3403K, capacity 4253K, committed 4352K, reserved 1048576K
}
Event: 2,932 GC heap before
{Heap before GC invocations=14 (full 1):
 PSYoungGen      total 23552K, used 3066K [0x00000000eab00000, 0x00000000ec980000, 0x0000000100000000)
  eden space 22016K, 9% used [0x00000000eab00000,0x00000000eacfac00,0x00000000ec080000)
  from space 1536K, 67% used [0x00000000ec800000,0x00000000ec903f10,0x00000000ec980000)
  to   space 1536K, 0% used [0x00000000ec300000,0x00000000ec300000,0x00000000ec480000)
 ParOldGen       total 68608K, used 29002K [0x00000000c0000000, 0x00000000c4300000, 0x00000000eab00000)
  object space 68608K, 42% used [0x00000000c0000000,0x00000000c1c52b08,0x00000000c4300000)
 Metaspace       used 33158K, capacity 35558K, committed 35748K, reserved 1081344K
  class space    used 3471K, capacity 4285K, committed 4352K, reserved 1048576K
}
Event: 2,939 GC heap after
{Heap after GC invocations=14 (full 1):
 PSYoungGen      total 23552K, used 128K [0x00000000eab00000, 0x00000000ec880000, 0x0000000100000000)
  eden space 22016K, 0% used [0x00000000eab00000,0x00000000eab00000,0x00000000ec080000)
  from space 1536K, 8% used [0x00000000ec300000,0x00000000ec320000,0x00000000ec480000)
  to   space 512K, 0% used [0x00000000ec800000,0x00000000ec800000,0x00000000ec880000)
 ParOldGen       total 68608K, used 29993K [0x00000000c0000000, 0x00000000c4300000, 0x00000000eab00000)
  object space 68608K, 43% used [0x00000000c0000000,0x00000000c1d4a4e8,0x00000000c4300000)
 Metaspace       used 33158K, capacity 35558K, committed 35748K, reserved 1081344K
  class space    used 3471K, capacity 4285K, committed 4352K, reserved 1048576K
}
Event: 2,939 GC heap before
{Heap before GC invocations=15 (full 2):
 PSYoungGen      total 23552K, used 128K [0x00000000eab00000, 0x00000000ec880000, 0x0000000100000000)
  eden space 22016K, 0% used [0x00000000eab00000,0x00000000eab00000,0x00000000ec080000)
  from space 1536K, 8% used [0x00000000ec300000,0x00000000ec320000,0x00000000ec480000)
  to   space 512K, 0% used [0x00000000ec800000,0x00000000ec800000,0x00000000ec880000)
 ParOldGen       total 68608K, used 29993K [0x00000000c0000000, 0x00000000c4300000, 0x00000000eab00000)
  object space 68608K, 43% used [0x00000000c0000000,0x00000000c1d4a4e8,0x00000000c4300000)
 Metaspace       used 33158K, capacity 35558K, committed 35748K, reserved 1081344K
  class space    used 3471K, capacity 4285K, committed 4352K, reserved 1048576K
}
Event: 3,088 GC heap after
{Heap after GC invocations=15 (full 2):
 PSYoungGen      total 23552K, used 0K [0x00000000eab00000, 0x00000000ec880000, 0x0000000100000000)
  eden space 22016K, 0% used [0x00000000eab00000,0x00000000eab00000,0x00000000ec080000)
  from space 1536K, 0% used [0x00000000ec300000,0x00000000ec300000,0x00000000ec480000)
  to   space 512K, 0% used [0x00000000ec800000,0x00000000ec800000,0x00000000ec880000)
 ParOldGen       total 68608K, used 29497K [0x00000000c0000000, 0x00000000c4300000, 0x00000000eab00000)
  object space 68608K, 42% used [0x00000000c0000000,0x00000000c1cce460,0x00000000c4300000)
 Metaspace       used 33158K, capacity 35558K, committed 35748K, reserved 1081344K
  class space    used 3471K, capacity 4285K, committed 4352K, reserved 1048576K
}
Event: 3,292 GC heap before
{Heap before GC invocations=16 (full 2):
 PSYoungGen      total 23552K, used 22016K [0x00000000eab00000, 0x00000000ec880000, 0x0000000100000000)
  eden space 22016K, 100% used [0x00000000eab00000,0x00000000ec080000,0x00000000ec080000)
  from space 1536K, 0% used [0x00000000ec300000,0x00000000ec300000,0x00000000ec480000)
  to   space 512K, 0% used [0x00000000ec800000,0x00000000ec800000,0x00000000ec880000)
 ParOldGen       total 68608K, used 29497K [0x00000000c0000000, 0x00000000c4300000, 0x00000000eab00000)
  object space 68608K, 42% used [0x00000000c0000000,0x00000000c1cce460,0x00000000c4300000)
 Metaspace       used 38664K, capacity 41108K, committed 41508K, reserved 1085440K
  class space    used 4090K, capacity 4983K, committed 4992K, reserved 1048576K
}
Event: 3,296 GC heap after
{Heap after GC invocations=16 (full 2):
 PSYoungGen      total 22528K, used 504K [0x00000000eab00000, 0x00000000ec880000, 0x0000000100000000)
  eden space 22016K, 0% used [0x00000000eab00000,0x00000000eab00000,0x00000000ec080000)
  from space 512K, 98% used [0x00000000ec800000,0x00000000ec87e1c0,0x00000000ec880000)
  to   space 2560K, 0% used [0x00000000ec380000,0x00000000ec380000,0x00000000ec600000)
 ParOldGen       total 68608K, used 31158K [0x00000000c0000000, 0x00000000c4300000, 0x00000000eab00000)
  object space 68608K, 45% used [0x00000000c0000000,0x00000000c1e6d930,0x00000000c4300000)
 Metaspace       used 38664K, capacity 41108K, committed 41508K, reserved 1085440K
  class space    used 4090K, capacity 4983K, committed 4992K, reserved 1048576K
}

