# JRE version: OpenJDK Runtime Environment (11.0.11+9) (build 11.0.11+9-Ubuntu-0ubuntu2.20.04)
# Java VM: OpenJDK 64-Bit Server VM (11.0.11+9-Ubuntu-0ubuntu2.20.04, mixed mode, sharing, tiered, compressed oops, parallel gc, linux-amd64)
Heap:
 PSYoungGen      total 23040K, used 9443K [0x00000000eab00000, 0x00000000ec880000, 0x0000000100000000)
  eden space 22016K, 38% used [0x00000000eab00000,0x00000000eb33b180,0x00000000ec080000)
  from space 1024K, 99% used [0x00000000ec780000,0x00000000ec87dba0,0x00000000ec880000)
  to   space 3072K, 0% used [0x00000000ec280000,0x00000000ec280000,0x00000000ec580000)
 ParOldGen       total 68608K, used 30691K [0x00000000c0000000, 0x00000000c4300000, 0x00000000eab00000)
  object space 68608K, 44% used [0x00000000c0000000,0x00000000c1df8dd8,0x00000000c4300000)
 Metaspace       used 40459K, capacity 42797K, committed 43264K, reserved 1087488K
  class space    used 4188K, capacity 5045K, committed 5120K, reserved 1048576K
GC Heap History (20 events):
Event: 1,977 GC heap before
{Heap before GC invocations=7 (full 1):
 PSYoungGen      total 29184K, used 29170K [0x00000000eab00000, 0x00000000ece80000, 0x0000000100000000)
  eden space 25088K, 100% used [0x00000000eab00000,0x00000000ec380000,0x00000000ec380000)
  from space 4096K, 99% used [0x00000000ec400000,0x00000000ec7fc8c0,0x00000000ec800000)
  to   space 5632K, 0% used [0x00000000ec900000,0x00000000ec900000,0x00000000ece80000)
 ParOldGen       total 68608K, used 11636K [0x00000000c0000000, 0x00000000c4300000, 0x00000000eab00000)
  object space 68608K, 16% used [0x00000000c0000000,0x00000000c0b5d290,0x00000000c4300000)
 Metaspace       used 27253K, capacity 29550K, committed 29824K, reserved 1075200K
  class space    used 2829K, capacity 3654K, committed 3712K, reserved 1048576K
}
Event: 1,982 GC heap after
{Heap after GC invocations=7 (full 1):
 PSYoungGen      total 29696K, used 5619K [0x00000000eab00000, 0x00000000ed000000, 0x0000000100000000)
  eden space 24064K, 0% used [0x00000000eab00000,0x00000000eab00000,0x00000000ec280000)
  from space 5632K, 99% used [0x00000000ec900000,0x00000000ece7ce00,0x00000000ece80000)
  to   space 6656K, 0% used [0x00000000ec280000,0x00000000ec280000,0x00000000ec900000)
 ParOldGen       total 68608K, used 12287K [0x00000000c0000000, 0x00000000c4300000, 0x00000000eab00000)
  object space 68608K, 17% used [0x00000000c0000000,0x00000000c0bffc10,0x00000000c4300000)
 Metaspace       used 27253K, capacity 29550K, committed 29824K, reserved 1075200K
  class space    used 2829K, capacity 3654K, committed 3712K, reserved 1048576K
}
Event: 2,047 GC heap before
{Heap before GC invocations=8 (full 1):
 PSYoungGen      total 29696K, used 29683K [0x00000000eab00000, 0x00000000ed000000, 0x0000000100000000)
  eden space 24064K, 100% used [0x00000000eab00000,0x00000000ec280000,0x00000000ec280000)
  from space 5632K, 99% used [0x00000000ec900000,0x00000000ece7ce00,0x00000000ece80000)
  to   space 6656K, 0% used [0x00000000ec280000,0x00000000ec280000,0x00000000ec900000)
 ParOldGen       total 68608K, used 12287K [0x00000000c0000000, 0x00000000c4300000, 0x00000000eab00000)
  object space 68608K, 17% used [0x00000000c0000000,0x00000000c0bffc10,0x00000000c4300000)
 Metaspace       used 27356K, capacity 29678K, committed 29824K, reserved 1075200K
  class space    used 2833K, capacity 3654K, committed 3712K, reserved 1048576K
}
Event: 2,053 GC heap after
{Heap after GC invocations=8 (full 1):
 PSYoungGen      total 30208K, used 6631K [0x00000000eab00000, 0x00000000ed300000, 0x0000000100000000)
  eden space 23552K, 0% used [0x00000000eab00000,0x00000000eab00000,0x00000000ec200000)
  from space 6656K, 99% used [0x00000000ec280000,0x00000000ec8f9cd0,0x00000000ec900000)
  to   space 8704K, 0% used [0x00000000eca80000,0x00000000eca80000,0x00000000ed300000)
 ParOldGen       total 68608K, used 13615K [0x00000000c0000000, 0x00000000c4300000, 0x00000000eab00000)
  object space 68608K, 19% used [0x00000000c0000000,0x00000000c0d4bc30,0x00000000c4300000)
 Metaspace       used 27356K, capacity 29678K, committed 29824K, reserved 1075200K
  class space    used 2833K, capacity 3654K, committed 3712K, reserved 1048576K
}
Event: 2,102 GC heap before
{Heap before GC invocations=9 (full 1):
 PSYoungGen      total 30208K, used 30183K [0x00000000eab00000, 0x00000000ed300000, 0x0000000100000000)
  eden space 23552K, 100% used [0x00000000eab00000,0x00000000ec200000,0x00000000ec200000)
  from space 6656K, 99% used [0x00000000ec280000,0x00000000ec8f9cd0,0x00000000ec900000)
  to   space 8704K, 0% used [0x00000000eca80000,0x00000000eca80000,0x00000000ed300000)
 ParOldGen       total 68608K, used 13615K [0x00000000c0000000, 0x00000000c4300000, 0x00000000eab00000)
  object space 68608K, 19% used [0x00000000c0000000,0x00000000c0d4bc30,0x00000000c4300000)
 Metaspace       used 27421K, capacity 29742K, committed 30080K, reserved 1075200K
  class space    used 2838K, capacity 3654K, committed 3712K, reserved 1048576K
}
Event: 2,109 GC heap after
{Heap after GC invocations=9 (full 1):
 PSYoungGen      total 30720K, used 7520K [0x00000000eab00000, 0x00000000ed200000, 0x0000000100000000)
  eden space 23040K, 0% used [0x00000000eab00000,0x00000000eab00000,0x00000000ec180000)
  from space 7680K, 97% used [0x00000000eca80000,0x00000000ed1d8030,0x00000000ed200000)
  to   space 7680K, 0% used [0x00000000ec300000,0x00000000ec300000,0x00000000eca80000)
 ParOldGen       total 68608K, used 15686K [0x00000000c0000000, 0x00000000c4300000, 0x00000000eab00000)
  object space 68608K, 22% used [0x00000000c0000000,0x00000000c0f519e8,0x00000000c4300000)
 Metaspace       used 27421K, capacity 29742K, committed 30080K, reserved 1075200K
  class space    used 2838K, capacity 3654K, committed 3712K, reserved 1048576K
}
Event: 2,151 GC heap before
{Heap before GC invocations=10 (full 1):
 PSYoungGen      total 30720K, used 30560K [0x00000000eab00000, 0x00000000ed200000, 0x0000000100000000)
  eden space 23040K, 100% used [0x00000000eab00000,0x00000000ec180000,0x00000000ec180000)
  from space 7680K, 97% used [0x00000000eca80000,0x00000000ed1d8030,0x00000000ed200000)
  to   space 7680K, 0% used [0x00000000ec300000,0x00000000ec300000,0x00000000eca80000)
 ParOldGen       total 68608K, used 15686K [0x00000000c0000000, 0x00000000c4300000, 0x00000000eab00000)
  object space 68608K, 22% used [0x00000000c0000000,0x00000000c0f519e8,0x00000000c4300000)
 Metaspace       used 27422K, capacity 29742K, committed 30080K, reserved 1075200K
  class space    used 2838K, capacity 3654K, committed 3712K, reserved 1048576K
}
Event: 2,158 GC heap after
{Heap after GC invocations=10 (full 1):
 PSYoungGen      total 30208K, used 7218K [0x00000000eab00000, 0x00000000ed000000, 0x0000000100000000)
  eden space 22528K, 0% used [0x00000000eab00000,0x00000000eab00000,0x00000000ec100000)
  from space 7680K, 93% used [0x00000000ec300000,0x00000000eca0cb38,0x00000000eca80000)
  to   space 5632K, 0% used [0x00000000eca80000,0x00000000eca80000,0x00000000ed000000)
 ParOldGen       total 68608K, used 18477K [0x00000000c0000000, 0x00000000c4300000, 0x00000000eab00000)
  object space 68608K, 26% used [0x00000000c0000000,0x00000000c120b440,0x00000000c4300000)
 Metaspace       used 27422K, capacity 29742K, committed 30080K, reserved 1075200K
  class space    used 2838K, capacity 3654K, committed 3712K, reserved 1048576K
}
Event: 2,255 GC heap before
{Heap before GC invocations=11 (full 1):
 PSYoungGen      total 30208K, used 29746K [0x00000000eab00000, 0x00000000ed000000, 0x0000000100000000)
  eden space 22528K, 100% used [0x00000000eab00000,0x00000000ec100000,0x00000000ec100000)
  from space 7680K, 93% used [0x00000000ec300000,0x00000000eca0cb38,0x00000000eca80000)
  to   space 5632K, 0% used [0x00000000eca80000,0x00000000eca80000,0x00000000ed000000)
 ParOldGen       total 68608K, used 18477K [0x00000000c0000000, 0x00000000c4300000, 0x00000000eab00000)
  object space 68608K, 26% used [0x00000000c0000000,0x00000000c120b440,0x00000000c4300000)
 Metaspace       used 27902K, capacity 30276K, committed 30592K, reserved 1077248K
  class space    used 2883K, capacity 3702K, committed 3712K, reserved 1048576K
}
Event: 2,278 GC heap after
{Heap after GC invocations=11 (full 1):
 PSYoungGen      total 27648K, used 5472K [0x00000000eab00000, 0x00000000ed000000, 0x0000000100000000)
  eden space 22016K, 0% used [0x00000000eab00000,0x00000000eab00000,0x00000000ec080000)
  from space 5632K, 97% used [0x00000000eca80000,0x00000000ecfd8010,0x00000000ed000000)
  to   space 6144K, 0% used [0x00000000ec400000,0x00000000ec400000,0x00000000eca00000)
 ParOldGen       total 68608K, used 22972K [0x00000000c0000000, 0x00000000c4300000, 0x00000000eab00000)
  object space 68608K, 33% used [0x00000000c0000000,0x00000000c166f328,0x00000000c4300000)
 Metaspace       used 27902K, capacity 30276K, committed 30592K, reserved 1077248K
  class space    used 2883K, capacity 3702K, committed 3712K, reserved 1048576K
}
Event: 2,397 GC heap before
{Heap before GC invocations=12 (full 1):
 PSYoungGen      total 27648K, used 27482K [0x00000000eab00000, 0x00000000ed000000, 0x0000000100000000)
  eden space 22016K, 99% used [0x00000000eab00000,0x00000000ec07e940,0x00000000ec080000)
  from space 5632K, 97% used [0x00000000eca80000,0x00000000ecfd8010,0x00000000ed000000)
  to   space 6144K, 0% used [0x00000000ec400000,0x00000000ec400000,0x00000000eca00000)
 ParOldGen       total 68608K, used 22972K [0x00000000c0000000, 0x00000000c4300000, 0x00000000eab00000)
  object space 68608K, 33% used [0x00000000c0000000,0x00000000c166f328,0x00000000c4300000)
 Metaspace       used 28984K, capacity 31308K, committed 31616K, reserved 1077248K
  class space    used 3007K, capacity 3875K, committed 3968K, reserved 1048576K
}
Event: 2,402 GC heap after
{Heap after GC invocations=12 (full 1):
 PSYoungGen      total 23040K, used 736K [0x00000000eab00000, 0x00000000ecb00000, 0x0000000100000000)
  eden space 22016K, 0% used [0x00000000eab00000,0x00000000eab00000,0x00000000ec080000)
  from space 1024K, 71% used [0x00000000ec400000,0x00000000ec4b8000,0x00000000ec500000)
  to   space 3072K, 0% used [0x00000000ec800000,0x00000000ec800000,0x00000000ecb00000)
 ParOldGen       total 68608K, used 28381K [0x00000000c0000000, 0x00000000c4300000, 0x00000000eab00000)
  object space 68608K, 41% used [0x00000000c0000000,0x00000000c1bb77a8,0x00000000c4300000)
 Metaspace       used 28984K, capacity 31308K, committed 31616K, reserved 1077248K
  class space    used 3007K, capacity 3875K, committed 3968K, reserved 1048576K
}
Event: 2,599 GC heap before
{Heap before GC invocations=13 (full 1):
 PSYoungGen      total 23040K, used 22752K [0x00000000eab00000, 0x00000000ecb00000, 0x0000000100000000)
  eden space 22016K, 100% used [0x00000000eab00000,0x00000000ec080000,0x00000000ec080000)
  from space 1024K, 71% used [0x00000000ec400000,0x00000000ec4b8000,0x00000000ec500000)
  to   space 3072K, 0% used [0x00000000ec800000,0x00000000ec800000,0x00000000ecb00000)
 ParOldGen       total 68608K, used 28381K [0x00000000c0000000, 0x00000000c4300000, 0x00000000eab00000)
  object space 68608K, 41% used [0x00000000c0000000,0x00000000c1bb77a8,0x00000000c4300000)
 Metaspace       used 32064K, capacity 34342K, committed 34816K, reserved 1079296K
  class space    used 3387K, capacity 4242K, committed 4352K, reserved 1048576K
}
Event: 2,601 GC heap after
{Heap after GC invocations=13 (full 1):
 PSYoungGen      total 23552K, used 1120K [0x00000000eab00000, 0x00000000ec980000, 0x0000000100000000)
  eden space 22016K, 0% used [0x00000000eab00000,0x00000000eab00000,0x00000000ec080000)
  from space 1536K, 72% used [0x00000000ec800000,0x00000000ec918000,0x00000000ec980000)
  to   space 1536K, 0% used [0x00000000ec680000,0x00000000ec680000,0x00000000ec800000)
 ParOldGen       total 68608K, used 28938K [0x00000000c0000000, 0x00000000c4300000, 0x00000000eab00000)
  object space 68608K, 42% used [0x00000000c0000000,0x00000000c1c42940,0x00000000c4300000)
 Metaspace       used 32064K, capacity 34342K, committed 34816K, reserved 1079296K
  class space    used 3387K, capacity 4242K, committed 4352K, reserved 1048576K
}
Event: 2,615 GC heap before
{Heap before GC invocations=14 (full 1):
 PSYoungGen      total 23552K, used 2927K [0x00000000eab00000, 0x00000000ec980000, 0x0000000100000000)
  eden space 22016K, 8% used [0x00000000eab00000,0x00000000eacc3ed0,0x00000000ec080000)
  from space 1536K, 72% used [0x00000000ec800000,0x00000000ec918000,0x00000000ec980000)
  to   space 1536K, 0% used [0x00000000ec680000,0x00000000ec680000,0x00000000ec800000)
 ParOldGen       total 68608K, used 28938K [0x00000000c0000000, 0x00000000c4300000, 0x00000000eab00000)
  object space 68608K, 42% used [0x00000000c0000000,0x00000000c1c42940,0x00000000c4300000)
 Metaspace       used 32754K, capacity 35014K, committed 35328K, reserved 1081344K
  class space    used 3438K, capacity 4274K, committed 4352K, reserved 1048576K
}
Event: 2,617 GC heap after
{Heap after GC invocations=14 (full 1):
 PSYoungGen      total 22528K, used 364K [0x00000000eab00000, 0x00000000ec880000, 0x0000000100000000)
  eden space 22016K, 0% used [0x00000000eab00000,0x00000000eab00000,0x00000000ec080000)
  from space 512K, 71% used [0x00000000ec680000,0x00000000ec6db0c8,0x00000000ec700000)
  to   space 1024K, 0% used [0x00000000ec780000,0x00000000ec780000,0x00000000ec880000)
 ParOldGen       total 68608K, used 29888K [0x00000000c0000000, 0x00000000c4300000, 0x00000000eab00000)
  object space 68608K, 43% used [0x00000000c0000000,0x00000000c1d30038,0x00000000c4300000)
 Metaspace       used 32754K, capacity 35014K, committed 35328K, reserved 1081344K
  class space    used 3438K, capacity 4274K, committed 4352K, reserved 1048576K
}
Event: 2,617 GC heap before
{Heap before GC invocations=15 (full 2):
 PSYoungGen      total 22528K, used 364K [0x00000000eab00000, 0x00000000ec880000, 0x0000000100000000)
  eden space 22016K, 0% used [0x00000000eab00000,0x00000000eab00000,0x00000000ec080000)
  from space 512K, 71% used [0x00000000ec680000,0x00000000ec6db0c8,0x00000000ec700000)
  to   space 1024K, 0% used [0x00000000ec780000,0x00000000ec780000,0x00000000ec880000)
 ParOldGen       total 68608K, used 29888K [0x00000000c0000000, 0x00000000c4300000, 0x00000000eab00000)
  object space 68608K, 43% used [0x00000000c0000000,0x00000000c1d30038,0x00000000c4300000)
 Metaspace       used 32754K, capacity 35014K, committed 35328K, reserved 1081344K
  class space    used 3438K, capacity 4274K, committed 4352K, reserved 1048576K
}
Event: 2,729 GC heap after
{Heap after GC invocations=15 (full 2):
 PSYoungGen      total 22528K, used 0K [0x00000000eab00000, 0x00000000ec880000, 0x0000000100000000)
  eden space 22016K, 0% used [0x00000000eab00000,0x00000000eab00000,0x00000000ec080000)
  from space 512K, 0% used [0x00000000ec680000,0x00000000ec680000,0x00000000ec700000)
  to   space 1024K, 0% used [0x00000000ec780000,0x00000000ec780000,0x00000000ec880000)
 ParOldGen       total 68608K, used 29258K [0x00000000c0000000, 0x00000000c4300000, 0x00000000eab00000)
  object space 68608K, 42% used [0x00000000c0000000,0x00000000c1c92940,0x00000000c4300000)
 Metaspace       used 32754K, capacity 35014K, committed 35328K, reserved 1081344K
  class space    used 3438K, capacity 4274K, committed 4352K, reserved 1048576K
}
Event: 2,946 GC heap before
{Heap before GC invocations=16 (full 2):
 PSYoungGen      total 22528K, used 22016K [0x00000000eab00000, 0x00000000ec880000, 0x0000000100000000)
  eden space 22016K, 100% used [0x00000000eab00000,0x00000000ec080000,0x00000000ec080000)
  from space 512K, 0% used [0x00000000ec680000,0x00000000ec680000,0x00000000ec700000)
  to   space 1024K, 0% used [0x00000000ec780000,0x00000000ec780000,0x00000000ec880000)
 ParOldGen       total 68608K, used 29258K [0x00000000c0000000, 0x00000000c4300000, 0x00000000eab00000)
  object space 68608K, 42% used [0x00000000c0000000,0x00000000c1c92940,0x00000000c4300000)
 Metaspace       used 38377K, capacity 40738K, committed 41344K, reserved 1085440K
  class space    used 4024K, capacity 4901K, committed 4992K, reserved 1048576K
}
Event: 2,948 GC heap after
{Heap after GC invocations=16 (full 2):
 PSYoungGen      total 23040K, used 1014K [0x00000000eab00000, 0x00000000ec880000, 0x0000000100000000)
  eden space 22016K, 0% used [0x00000000eab00000,0x00000000eab00000,0x00000000ec080000)
  from space 1024K, 99% used [0x00000000ec780000,0x00000000ec87dba0,0x00000000ec880000)
  to   space 3072K, 0% used [0x00000000ec280000,0x00000000ec280000,0x00000000ec580000)
 ParOldGen       total 68608K, used 30691K [0x00000000c0000000, 0x00000000c4300000, 0x00000000eab00000)
  object space 68608K, 44% used [0x00000000c0000000,0x00000000c1df8dd8,0x00000000c4300000)
 Metaspace       used 38377K, capacity 40738K, committed 41344K, reserved 1085440K
  class space    used 4024K, capacity 4901K, committed 4992K, reserved 1048576K
}

